2025-02-28T19:44:50.520108Z 0 [System] [MY-015017] [Server] MySQL Server Initialization - start.
2025-02-28T19:44:50.520965Z 0 [System] [MY-013169] [Server] /usr/sbin/mysqld (mysqld 9.2.0) initializing of server in progress as process 81
2025-02-28T19:44:50.523642Z 0 [Warning] [MY-010159] [Server] Setting lower_case_table_names=2 because file system for /var/lib/mysql/ is case insensitive
2025-02-28T19:44:50.528125Z 1 [System] [MY-013576] [InnoDB] InnoDB initialization has started.
2025-02-28T19:44:50.873436Z 1 [System] [MY-013577] [InnoDB] InnoDB initialization has ended.
2025-02-28T19:44:51.862039Z 6 [Warning] [MY-010453] [Server] root@localhost is created with an empty password ! Please consider switching off the --initialize-insecure option.
2025-02-28T19:44:54.928245Z 0 [System] [MY-015018] [Server] MySQL Server Initialization - end.
2025-02-28T19:44:54.990470Z 0 [System] [MY-015015] [Server] MySQL Server - start.
2025-02-28T19:44:55.127502Z 0 [System] [MY-010116] [Server] /usr/sbin/mysqld (mysqld 9.2.0) starting as process 124
2025-02-28T19:44:55.134938Z 0 [Warning] [MY-010159] [Server] Setting lower_case_table_names=2 because file system for /var/lib/mysql/ is case insensitive
2025-02-28T19:44:55.160812Z 1 [System] [MY-013576] [InnoDB] InnoDB initialization has started.
2025-02-28T19:44:55.628452Z 1 [System] [MY-013577] [InnoDB] InnoDB initialization has ended.
2025-02-28T19:44:55.826314Z 0 [Warning] [MY-010068] [Server] CA certificate ca.pem is self signed.
2025-02-28T19:44:55.826520Z 0 [System] [MY-013602] [Server] Channel mysql_main configured to support TLS. Encrypted connections are now supported for this channel.
2025-02-28T19:44:55.829513Z 0 [Warning] [MY-011810] [Server] Insecure configuration for --pid-file: Location '/var/run/mysqld' in the path is accessible to all OS users. Consider choosing a different directory.
2025-02-28T19:44:55.849802Z 0 [System] [MY-011323] [Server] X Plugin ready for connections. Socket: /var/run/mysqld/mysqlx.sock
2025-02-28T19:44:55.849865Z 0 [System] [MY-010931] [Server] /usr/sbin/mysqld: ready for connections. Version: '9.2.0'  socket: '/var/run/mysqld/mysqld.sock'  port: 0  MySQL Community Server - GPL.
2025-02-28T19:44:58.555212Z 14 [System] [MY-013172] [Server] Received SHUTDOWN from user root. Shutting down mysqld (Version: 9.2.0).
2025-02-28T19:44:59.352628Z 0 [System] [MY-010910] [Server] /usr/sbin/mysqld: Shutdown complete (mysqld 9.2.0)  MySQL Community Server - GPL.
2025-02-28T19:44:59.352746Z 0 [System] [MY-015016] [Server] MySQL Server - end.
2025-02-28T19:44:59.566892Z 0 [System] [MY-015015] [Server] MySQL Server - start.
2025-02-28T19:44:59.687411Z 0 [System] [MY-010116] [Server] /usr/sbin/mysqld (mysqld 9.2.0) starting as process 1
2025-02-28T19:44:59.689223Z 0 [Warning] [MY-010159] [Server] Setting lower_case_table_names=2 because file system for /var/lib/mysql/ is case insensitive
2025-02-28T19:44:59.694882Z 1 [System] [MY-013576] [InnoDB] InnoDB initialization has started.
2025-02-28T19:44:59.847576Z 1 [System] [MY-013577] [InnoDB] InnoDB initialization has ended.
2025-02-28T19:44:59.998113Z 0 [Warning] [MY-010068] [Server] CA certificate ca.pem is self signed.
2025-02-28T19:44:59.998352Z 0 [System] [MY-013602] [Server] Channel mysql_main configured to support TLS. Encrypted connections are now supported for this channel.
2025-02-28T19:45:00.001439Z 0 [Warning] [MY-011810] [Server] Insecure configuration for --pid-file: Location '/var/run/mysqld' in the path is accessible to all OS users. Consider choosing a different directory.
2025-02-28T19:45:00.015032Z 0 [System] [MY-011323] [Server] X Plugin ready for connections. Bind-address: '::' port: 33060, socket: /var/run/mysqld/mysqlx.sock
2025-02-28T19:45:00.015130Z 0 [System] [MY-010931] [Server] /usr/sbin/mysqld: ready for connections. Version: '9.2.0'  socket: '/var/run/mysqld/mysqld.sock'  port: 3306  MySQL Community Server - GPL.
2025-02-28T19:45:39.878644Z 10 [ERROR] [MY-013183] [InnoDB] Assertion failure: os0file.cc:2891:dir_fd != -1 thread 281472898027264
InnoDB: We intentionally generate a memory trap.
InnoDB: Submit a detailed bug report to http://bugs.mysql.com.
InnoDB: If you get repeated assertion failures or crashes, even
InnoDB: immediately after the mysqld startup, there may be
InnoDB: corruption in the InnoDB tablespace. Please refer to
InnoDB: http://dev.mysql.com/doc/refman/9.2/en/forcing-innodb-recovery.html
InnoDB: about forcing recovery.
2025-02-28T19:45:39Z UTC - mysqld got signal 6 ;
Most likely, you have hit a bug, but this error can also be caused by malfunctioning hardware.
BuildID[sha1]=95436b913a7fe5e1980013e4c59b54af2b2eb946
Thread pointer: 0xfffeec1cd230
Attempting backtrace. You can use the following information to find out
where mysqld died. If you see no messages after this, something went
terribly wrong...
stack_bottom = ffff8419c528 thread_stack 0x100000
 #0 0xb3e047 <unknown>
 #1 0x146f393 <unknown>
 #2 0x1609dff <unknown>
 #3 0x157a227 <unknown>
 #4 0x1584673 <unknown>
 #5 0x1553fc7 <unknown>
 #6 0x17453cf <unknown>
 #7 0x16d6edf <unknown>
 #8 0x16d720f <unknown>
 #9 0x15ac137 <unknown>
 #10 0x14ba4db <unknown>
 #11 0x14df47b <unknown>
 #12 0x14e3c67 <unknown>
 #13 0x14e41cf <unknown>
 #14 0x14e4c1b <unknown>
 #15 0xc4144b <unknown>
 #16 0xe7174f <unknown>
 #17 0xe71cf3 <unknown>
 #18 0xa1b62b <unknown>
 #19 0xa1e883 <unknown>
 #20 0xa20683 <unknown>
 #21 0xa20e0b <unknown>
 #22 0xb2d14f <unknown>
 #23 0x1a4882b <unknown>
 #24 0xffff870316d7 <unknown>
 #25 0xffff8709bc5b <unknown>
 #26 0xffffffffffffffff <unknown>

Trying to get some variables.
Some pointers may be invalid and cause the dump to abort.
Query (fffeec2ad554): TRUNCATE TABLE `Brewmaster`
Connection ID (thread ID): 10
Status: NOT_KILLED

The manual page at http://dev.mysql.com/doc/mysql/en/crashing.html contains
information that should help you find out what is causing the crash.
2025-02-28T19:45:39.878645Z 0 [System] [MY-013951] [Server] 2025-02-28T19:45:39Z UTC - mysqld got signal 6 ;
2025-02-28T19:45:39.878646Z 0 [System] [MY-013951] [Server] Most likely, you have hit a bug, but this error can also be caused by malfunctioning hardware.
2025-02-28T19:45:39.878647Z 0 [System] [MY-013951] [Server] BuildID[sha1]=95436b913a7fe5e1980013e4c59b54af2b2eb946
2025-02-28T19:45:39.878648Z 0 [System] [MY-013951] [Server] Thread pointer: 0xfffeec1cd230
2025-02-28T19:45:39.878649Z 0 [System] [MY-013951] [Server] Attempting backtrace. You can use the following information to find out
2025-02-28T19:45:39.878650Z 0 [System] [MY-013951] [Server] where mysqld died. If you see no messages after this, something went
2025-02-28T19:45:39.878651Z 0 [System] [MY-013951] [Server] terribly wrong...
2025-02-28T19:45:39.878652Z 0 [System] [MY-013951] [Server] stack_bottom = ffff8419c528 thread_stack 0x100000
2025-02-28T19:45:39.878653Z 0 [System] [MY-013951] [Server]  #0 0xb3e047 <unknown>
2025-02-28T19:45:39.878654Z 0 [System] [MY-013951] [Server]  #1 0x146f393 <unknown>
2025-02-28T19:45:39.878655Z 0 [System] [MY-013951] [Server]  #2 0x1609dff <unknown>
2025-02-28T19:45:39.878656Z 0 [System] [MY-013951] [Server]  #3 0x157a227 <unknown>
2025-02-28T19:45:39.878657Z 0 [System] [MY-013951] [Server]  #4 0x1584673 <unknown>
2025-02-28T19:45:39.878658Z 0 [System] [MY-013951] [Server]  #5 0x1553fc7 <unknown>
2025-02-28T19:45:39.878659Z 0 [System] [MY-013951] [Server]  #6 0x17453cf <unknown>
2025-02-28T19:45:39.878660Z 0 [System] [MY-013951] [Server]  #7 0x16d6edf <unknown>
2025-02-28T19:45:39.878661Z 0 [System] [MY-013951] [Server]  #8 0x16d720f <unknown>
2025-02-28T19:45:39.878662Z 0 [System] [MY-013951] [Server]  #9 0x15ac137 <unknown>
2025-02-28T19:45:39.878663Z 0 [System] [MY-013951] [Server]  #10 0x14ba4db <unknown>
2025-02-28T19:45:39.878664Z 0 [System] [MY-013951] [Server]  #11 0x14df47b <unknown>
2025-02-28T19:45:39.878665Z 0 [System] [MY-013951] [Server]  #12 0x14e3c67 <unknown>
2025-02-28T19:45:39.878666Z 0 [System] [MY-013951] [Server]  #13 0x14e41cf <unknown>
2025-02-28T19:45:39.878667Z 0 [System] [MY-013951] [Server]  #14 0x14e4c1b <unknown>
2025-02-28T19:45:39.878668Z 0 [System] [MY-013951] [Server]  #15 0xc4144b <unknown>
2025-02-28T19:45:39.878669Z 0 [System] [MY-013951] [Server]  #16 0xe7174f <unknown>
2025-02-28T19:45:39.878670Z 0 [System] [MY-013951] [Server]  #17 0xe71cf3 <unknown>
2025-02-28T19:45:39.878671Z 0 [System] [MY-013951] [Server]  #18 0xa1b62b <unknown>
2025-02-28T19:45:39.878672Z 0 [System] [MY-013951] [Server]  #19 0xa1e883 <unknown>
2025-02-28T19:45:39.878673Z 0 [System] [MY-013951] [Server]  #20 0xa20683 <unknown>
2025-02-28T19:45:39.878674Z 0 [System] [MY-013951] [Server]  #21 0xa20e0b <unknown>
2025-02-28T19:45:39.878675Z 0 [System] [MY-013951] [Server]  #22 0xb2d14f <unknown>
2025-02-28T19:45:39.878676Z 0 [System] [MY-013951] [Server]  #23 0x1a4882b <unknown>
2025-02-28T19:45:39.878677Z 0 [System] [MY-013951] [Server]  #24 0xffff870316d7 <unknown>
2025-02-28T19:45:39.878678Z 0 [System] [MY-013951] [Server]  #25 0xffff8709bc5b <unknown>
2025-02-28T19:45:39.878679Z 0 [System] [MY-013951] [Server]  #26 0xffffffffffffffff <unknown>
2025-02-28T19:45:39.878680Z 0 [System] [MY-013951] [Server] Trying to get some variables.
2025-02-28T19:45:39.878681Z 0 [System] [MY-013951] [Server] Some pointers may be invalid and cause the dump to abort.
2025-02-28T19:45:39.878682Z 0 [System] [MY-013951] [Server] Query (fffeec2ad554): TRUNCATE TABLE `Brewmaster`
2025-02-28T19:45:39.878683Z 0 [System] [MY-013951] [Server] Connection ID (thread ID): 10
2025-02-28T19:45:39.878684Z 0 [System] [MY-013951] [Server] Status: NOT_KILLED
2025-02-28T19:45:39.878685Z 0 [System] [MY-013951] [Server] The manual page at http://dev.mysql.com/doc/mysql/en/crashing.html contains
2025-02-28T19:45:39.878686Z 0 [System] [MY-013951] [Server] information that should help you find out what is causing the crash.
2025-02-28T19:45:41.485244Z 0 [System] [MY-015015] [Server] MySQL Server - start.
2025-02-28T19:45:41.608177Z 0 [System] [MY-010116] [Server] /usr/sbin/mysqld (mysqld 9.2.0) starting as process 1
2025-02-28T19:45:41.610340Z 0 [Warning] [MY-010159] [Server] Setting lower_case_table_names=2 because file system for /var/lib/mysql/ is case insensitive
2025-02-28T19:45:41.615854Z 0 [System] [MY-013951] [Server] A backtrace was processed and added to the main error-log in the appropriate format.
2025-02-28T19:45:41.619529Z 1 [System] [MY-013576] [InnoDB] InnoDB initialization has started.
2025-02-28T19:45:41.895754Z 1 [System] [MY-013577] [InnoDB] InnoDB initialization has ended.
2025-02-28T19:45:41.930438Z 1 [ERROR] [MY-012218] [InnoDB] Cannot read first page of './dapperbeer/brewmaster.ibd' I/O error
2025-02-28T19:45:41.930599Z 1 [ERROR] [MY-012224] [InnoDB] Cannot read first page in datafile: ./dapperbeer/brewmaster.ibd, Space ID:4294967295, Flags: 16417. Please refer to http://dev.mysql.com/doc/refman/9.2/en/innodb-troubleshooting-datadict.html for how to resolve the issue.
2025-02-28T19:45:41.930692Z 1 [ERROR] [MY-012592] [InnoDB] Operating system error number 22 in a file operation.
2025-02-28T19:45:41.931218Z 1 [ERROR] [MY-012596] [InnoDB] Error number 22 means 'Invalid argument'
2025-02-28T19:45:41.931296Z 1 [ERROR] [MY-012131] [InnoDB] Could not find a valid tablespace file for `dapperbeer/brewmaster`. Please refer to http://dev.mysql.com/doc/refman/9.2/en/innodb-troubleshooting-datadict.html for how to resolve the issue.
2025-02-28T19:45:41.949884Z 0 [System] [MY-010229] [Server] Starting XA crash recovery...
2025-02-28T19:45:41.951384Z 0 [System] [MY-010232] [Server] XA crash recovery finished.
2025-02-28T19:45:42.019670Z 0 [Warning] [MY-010068] [Server] CA certificate ca.pem is self signed.
2025-02-28T19:45:42.019784Z 0 [System] [MY-013602] [Server] Channel mysql_main configured to support TLS. Encrypted connections are now supported for this channel.
2025-02-28T19:45:42.021580Z 0 [Warning] [MY-011810] [Server] Insecure configuration for --pid-file: Location '/var/run/mysqld' in the path is accessible to all OS users. Consider choosing a different directory.
2025-02-28T19:45:42.032389Z 0 [System] [MY-011323] [Server] X Plugin ready for connections. Bind-address: '::' port: 33060, socket: /var/run/mysqld/mysqlx.sock
2025-02-28T19:45:42.032599Z 0 [System] [MY-010931] [Server] /usr/sbin/mysqld: ready for connections. Version: '9.2.0'  socket: '/var/run/mysqld/mysqld.sock'  port: 3306  MySQL Community Server - GPL.
2025-02-28T19:46:04.848834Z 10 [ERROR] [MY-013183] [InnoDB] Assertion failure: os0file.cc:2891:dir_fd != -1 thread 281473172041472
InnoDB: We intentionally generate a memory trap.
InnoDB: Submit a detailed bug report to http://bugs.mysql.com.
InnoDB: If you get repeated assertion failures or crashes, even
InnoDB: immediately after the mysqld startup, there may be
InnoDB: corruption in the InnoDB tablespace. Please refer to
InnoDB: http://dev.mysql.com/doc/refman/9.2/en/forcing-innodb-recovery.html
InnoDB: about forcing recovery.
2025-02-28T19:46:04Z UTC - mysqld got signal 6 ;
Most likely, you have hit a bug, but this error can also be caused by malfunctioning hardware.
BuildID[sha1]=95436b913a7fe5e1980013e4c59b54af2b2eb946
Thread pointer: 0xfffed801e090
Attempting backtrace. You can use the following information to find out
where mysqld died. If you see no messages after this, something went
terribly wrong...
stack_bottom = ffff946ee528 thread_stack 0x100000
 #0 0xb3e047 <unknown>
 #1 0x146f393 <unknown>
 #2 0x1609dff <unknown>
 #3 0x157a227 <unknown>
 #4 0x15476c7 <unknown>
 #5 0x174392f <unknown>
 #6 0x15ad037 <unknown>
 #7 0x152e47b <unknown>
 #8 0x1543e97 <unknown>
 #9 0x1544573 <unknown>
 #10 0x1544807 <unknown>
 #11 0x14ab01b <unknown>
 #12 0xe63bb7 <unknown>
 #13 0xe713ab <unknown>
 #14 0xe71cf3 <unknown>
 #15 0xa1b62b <unknown>
 #16 0xa1e883 <unknown>
 #17 0xa20683 <unknown>
 #18 0xa20e0b <unknown>
 #19 0xb2d14f <unknown>
 #20 0x1a4882b <unknown>
 #21 0xffff994316d7 <unknown>
 #22 0xffff9949bc5b <unknown>
 #23 0xffffffffffffffff <unknown>

Trying to get some variables.
Some pointers may be invalid and cause the dump to abort.
Query (fffed821cc85): TRUNCATE TABLE `Beer`
Connection ID (thread ID): 10
Status: NOT_KILLED

The manual page at http://dev.mysql.com/doc/mysql/en/crashing.html contains
information that should help you find out what is causing the crash.
2025-02-28T19:46:04.848835Z 0 [System] [MY-013951] [Server] 2025-02-28T19:46:04Z UTC - mysqld got signal 6 ;
2025-02-28T19:46:04.848836Z 0 [System] [MY-013951] [Server] Most likely, you have hit a bug, but this error can also be caused by malfunctioning hardware.
2025-02-28T19:46:04.848837Z 0 [System] [MY-013951] [Server] BuildID[sha1]=95436b913a7fe5e1980013e4c59b54af2b2eb946
2025-02-28T19:46:04.848838Z 0 [System] [MY-013951] [Server] Thread pointer: 0xfffed801e090
2025-02-28T19:46:04.848839Z 0 [System] [MY-013951] [Server] Attempting backtrace. You can use the following information to find out
2025-02-28T19:46:04.848840Z 0 [System] [MY-013951] [Server] where mysqld died. If you see no messages after this, something went
2025-02-28T19:46:04.848841Z 0 [System] [MY-013951] [Server] terribly wrong...
2025-02-28T19:46:04.848842Z 0 [System] [MY-013951] [Server] stack_bottom = ffff946ee528 thread_stack 0x100000
2025-02-28T19:46:04.848843Z 0 [System] [MY-013951] [Server]  #0 0xb3e047 <unknown>
2025-02-28T19:46:04.848844Z 0 [System] [MY-013951] [Server]  #1 0x146f393 <unknown>
2025-02-28T19:46:04.848845Z 0 [System] [MY-013951] [Server]  #2 0x1609dff <unknown>
2025-02-28T19:46:04.848846Z 0 [System] [MY-013951] [Server]  #3 0x157a227 <unknown>
2025-02-28T19:46:04.848847Z 0 [System] [MY-013951] [Server]  #4 0x15476c7 <unknown>
2025-02-28T19:46:04.848848Z 0 [System] [MY-013951] [Server]  #5 0x174392f <unknown>
2025-02-28T19:46:04.848849Z 0 [System] [MY-013951] [Server]  #6 0x15ad037 <unknown>
2025-02-28T19:46:04.848850Z 0 [System] [MY-013951] [Server]  #7 0x152e47b <unknown>
2025-02-28T19:46:04.848851Z 0 [System] [MY-013951] [Server]  #8 0x1543e97 <unknown>
2025-02-28T19:46:04.848852Z 0 [System] [MY-013951] [Server]  #9 0x1544573 <unknown>
2025-02-28T19:46:04.848853Z 0 [System] [MY-013951] [Server]  #10 0x1544807 <unknown>
2025-02-28T19:46:04.848854Z 0 [System] [MY-013951] [Server]  #11 0x14ab01b <unknown>
2025-02-28T19:46:04.848855Z 0 [System] [MY-013951] [Server]  #12 0xe63bb7 <unknown>
2025-02-28T19:46:04.848856Z 0 [System] [MY-013951] [Server]  #13 0xe713ab <unknown>
2025-02-28T19:46:04.848857Z 0 [System] [MY-013951] [Server]  #14 0xe71cf3 <unknown>
2025-02-28T19:46:04.848858Z 0 [System] [MY-013951] [Server]  #15 0xa1b62b <unknown>
2025-02-28T19:46:04.848859Z 0 [System] [MY-013951] [Server]  #16 0xa1e883 <unknown>
2025-02-28T19:46:04.848860Z 0 [System] [MY-013951] [Server]  #17 0xa20683 <unknown>
2025-02-28T19:46:04.848861Z 0 [System] [MY-013951] [Server]  #18 0xa20e0b <unknown>
2025-02-28T19:46:04.848862Z 0 [System] [MY-013951] [Server]  #19 0xb2d14f <unknown>
2025-02-28T19:46:04.848863Z 0 [System] [MY-013951] [Server]  #20 0x1a4882b <unknown>
2025-02-28T19:46:04.848864Z 0 [System] [MY-013951] [Server]  #21 0xffff994316d7 <unknown>
2025-02-28T19:46:04.848865Z 0 [System] [MY-013951] [Server]  #22 0xffff9949bc5b <unknown>
2025-02-28T19:46:04.848866Z 0 [System] [MY-013951] [Server]  #23 0xffffffffffffffff <unknown>
2025-02-28T19:46:04.848867Z 0 [System] [MY-013951] [Server] Trying to get some variables.
2025-02-28T19:46:04.848868Z 0 [System] [MY-013951] [Server] Some pointers may be invalid and cause the dump to abort.
2025-02-28T19:46:04.848869Z 0 [System] [MY-013951] [Server] Query (fffed821cc85): TRUNCATE TABLE `Beer`
2025-02-28T19:46:04.848870Z 0 [System] [MY-013951] [Server] Connection ID (thread ID): 10
2025-02-28T19:46:04.848871Z 0 [System] [MY-013951] [Server] Status: NOT_KILLED
2025-02-28T19:46:04.848872Z 0 [System] [MY-013951] [Server] The manual page at http://dev.mysql.com/doc/mysql/en/crashing.html contains
2025-02-28T19:46:04.848873Z 0 [System] [MY-013951] [Server] information that should help you find out what is causing the crash.
2025-02-28T19:46:05.465544Z 0 [System] [MY-015015] [Server] MySQL Server - start.
2025-02-28T19:46:05.586856Z 0 [System] [MY-010116] [Server] /usr/sbin/mysqld (mysqld 9.2.0) starting as process 1
2025-02-28T19:46:05.588252Z 0 [Warning] [MY-010159] [Server] Setting lower_case_table_names=2 because file system for /var/lib/mysql/ is case insensitive
2025-02-28T19:46:05.592971Z 0 [System] [MY-013951] [Server] A backtrace was processed and added to the main error-log in the appropriate format.
2025-02-28T19:46:05.595547Z 1 [System] [MY-013576] [InnoDB] InnoDB initialization has started.
2025-02-28T19:46:05.841745Z 1 [System] [MY-013577] [InnoDB] InnoDB initialization has ended.
2025-02-28T19:46:05.893450Z 0 [System] [MY-010229] [Server] Starting XA crash recovery...
2025-02-28T19:46:05.894679Z 0 [System] [MY-010232] [Server] XA crash recovery finished.
2025-02-28T19:46:05.956997Z 0 [Warning] [MY-010068] [Server] CA certificate ca.pem is self signed.
2025-02-28T19:46:05.957112Z 0 [System] [MY-013602] [Server] Channel mysql_main configured to support TLS. Encrypted connections are now supported for this channel.
2025-02-28T19:46:05.959240Z 0 [Warning] [MY-011810] [Server] Insecure configuration for --pid-file: Location '/var/run/mysqld' in the path is accessible to all OS users. Consider choosing a different directory.
2025-02-28T19:46:05.970289Z 0 [System] [MY-011323] [Server] X Plugin ready for connections. Bind-address: '::' port: 33060, socket: /var/run/mysqld/mysqlx.sock
2025-02-28T19:46:05.970367Z 0 [System] [MY-010931] [Server] /usr/sbin/mysqld: ready for connections. Version: '9.2.0'  socket: '/var/run/mysqld/mysqld.sock'  port: 3306  MySQL Community Server - GPL.
2025-02-28T19:47:02.886199Z 10 [ERROR] [MY-013183] [InnoDB] Assertion failure: os0file.cc:2891:dir_fd != -1 thread 281473387065088
InnoDB: We intentionally generate a memory trap.
InnoDB: Submit a detailed bug report to http://bugs.mysql.com.
InnoDB: If you get repeated assertion failures or crashes, even
InnoDB: immediately after the mysqld startup, there may be
InnoDB: corruption in the InnoDB tablespace. Please refer to
InnoDB: http://dev.mysql.com/doc/refman/9.2/en/forcing-innodb-recovery.html
InnoDB: about forcing recovery.
2025-02-28T19:47:02Z UTC - mysqld got signal 6 ;
Most likely, you have hit a bug, but this error can also be caused by malfunctioning hardware.
BuildID[sha1]=95436b913a7fe5e1980013e4c59b54af2b2eb946
Thread pointer: 0xfffeec01e090
Attempting backtrace. You can use the following information to find out
where mysqld died. If you see no messages after this, something went
terribly wrong...
stack_bottom = ffffa13fe528 thread_stack 0x100000
 #0 0xb3e047 <unknown>
 #1 0x146f393 <unknown>
 #2 0x1609dff <unknown>
 #3 0x157a227 <unknown>
 #4 0x1584673 <unknown>
 #5 0x1553fc7 <unknown>
 #6 0x17453cf <unknown>
 #7 0x16d6edf <unknown>
 #8 0x16d720f <unknown>
 #9 0x15ac137 <unknown>
 #10 0x14ba4db <unknown>
 #11 0x14df47b <unknown>
 #12 0x14e3c67 <unknown>
 #13 0x14e41cf <unknown>
 #14 0x14e4c1b <unknown>
 #15 0xc4144b <unknown>
 #16 0xe7174f <unknown>
 #17 0xe71cf3 <unknown>
 #18 0xa1b62b <unknown>
 #19 0xa1e883 <unknown>
 #20 0xa20683 <unknown>
 #21 0xa20e0b <unknown>
 #22 0xb2d14f <unknown>
 #23 0x1a4882b <unknown>
 #24 0xffffaa2d26d7 <unknown>
 #25 0xffffaa33cc5b <unknown>
 #26 0xffffffffffffffff <unknown>

Trying to get some variables.
Some pointers may be invalid and cause the dump to abort.
Query (fffeec1e9555): TRUNCATE TABLE `Beer`
Connection ID (thread ID): 10
Status: NOT_KILLED

The manual page at http://dev.mysql.com/doc/mysql/en/crashing.html contains
information that should help you find out what is causing the crash.
2025-02-28T19:47:02.886200Z 0 [System] [MY-013951] [Server] 2025-02-28T19:47:02Z UTC - mysqld got signal 6 ;
2025-02-28T19:47:02.886201Z 0 [System] [MY-013951] [Server] Most likely, you have hit a bug, but this error can also be caused by malfunctioning hardware.
2025-02-28T19:47:02.886202Z 0 [System] [MY-013951] [Server] BuildID[sha1]=95436b913a7fe5e1980013e4c59b54af2b2eb946
2025-02-28T19:47:02.886203Z 0 [System] [MY-013951] [Server] Thread pointer: 0xfffeec01e090
2025-02-28T19:47:02.886204Z 0 [System] [MY-013951] [Server] Attempting backtrace. You can use the following information to find out
2025-02-28T19:47:02.886205Z 0 [System] [MY-013951] [Server] where mysqld died. If you see no messages after this, something went
2025-02-28T19:47:02.886206Z 0 [System] [MY-013951] [Server] terribly wrong...
2025-02-28T19:47:02.886207Z 0 [System] [MY-013951] [Server] stack_bottom = ffffa13fe528 thread_stack 0x100000
2025-02-28T19:47:02.886208Z 0 [System] [MY-013951] [Server]  #0 0xb3e047 <unknown>
2025-02-28T19:47:02.886209Z 0 [System] [MY-013951] [Server]  #1 0x146f393 <unknown>
2025-02-28T19:47:02.886210Z 0 [System] [MY-013951] [Server]  #2 0x1609dff <unknown>
2025-02-28T19:47:02.886211Z 0 [System] [MY-013951] [Server]  #3 0x157a227 <unknown>
2025-02-28T19:47:02.886212Z 0 [System] [MY-013951] [Server]  #4 0x1584673 <unknown>
2025-02-28T19:47:02.886213Z 0 [System] [MY-013951] [Server]  #5 0x1553fc7 <unknown>
2025-02-28T19:47:02.886214Z 0 [System] [MY-013951] [Server]  #6 0x17453cf <unknown>
2025-02-28T19:47:02.886215Z 0 [System] [MY-013951] [Server]  #7 0x16d6edf <unknown>
2025-02-28T19:47:02.886216Z 0 [System] [MY-013951] [Server]  #8 0x16d720f <unknown>
2025-02-28T19:47:02.886217Z 0 [System] [MY-013951] [Server]  #9 0x15ac137 <unknown>
2025-02-28T19:47:02.886218Z 0 [System] [MY-013951] [Server]  #10 0x14ba4db <unknown>
2025-02-28T19:47:02.886219Z 0 [System] [MY-013951] [Server]  #11 0x14df47b <unknown>
2025-02-28T19:47:02.886220Z 0 [System] [MY-013951] [Server]  #12 0x14e3c67 <unknown>
2025-02-28T19:47:02.886221Z 0 [System] [MY-013951] [Server]  #13 0x14e41cf <unknown>
2025-02-28T19:47:02.886222Z 0 [System] [MY-013951] [Server]  #14 0x14e4c1b <unknown>
2025-02-28T19:47:02.886223Z 0 [System] [MY-013951] [Server]  #15 0xc4144b <unknown>
2025-02-28T19:47:02.886224Z 0 [System] [MY-013951] [Server]  #16 0xe7174f <unknown>
2025-02-28T19:47:02.886225Z 0 [System] [MY-013951] [Server]  #17 0xe71cf3 <unknown>
2025-02-28T19:47:02.886226Z 0 [System] [MY-013951] [Server]  #18 0xa1b62b <unknown>
2025-02-28T19:47:02.886227Z 0 [System] [MY-013951] [Server]  #19 0xa1e883 <unknown>
2025-02-28T19:47:02.886228Z 0 [System] [MY-013951] [Server]  #20 0xa20683 <unknown>
2025-02-28T19:47:02.886229Z 0 [System] [MY-013951] [Server]  #21 0xa20e0b <unknown>
2025-02-28T19:47:02.886230Z 0 [System] [MY-013951] [Server]  #22 0xb2d14f <unknown>
2025-02-28T19:47:02.886231Z 0 [System] [MY-013951] [Server]  #23 0x1a4882b <unknown>
2025-02-28T19:47:02.886232Z 0 [System] [MY-013951] [Server]  #24 0xffffaa2d26d7 <unknown>
2025-02-28T19:47:02.886233Z 0 [System] [MY-013951] [Server]  #25 0xffffaa33cc5b <unknown>
2025-02-28T19:47:02.886234Z 0 [System] [MY-013951] [Server]  #26 0xffffffffffffffff <unknown>
2025-02-28T19:47:02.886235Z 0 [System] [MY-013951] [Server] Trying to get some variables.
2025-02-28T19:47:02.886236Z 0 [System] [MY-013951] [Server] Some pointers may be invalid and cause the dump to abort.
2025-02-28T19:47:02.886237Z 0 [System] [MY-013951] [Server] Query (fffeec1e9555): TRUNCATE TABLE `Beer`
2025-02-28T19:47:02.886238Z 0 [System] [MY-013951] [Server] Connection ID (thread ID): 10
2025-02-28T19:47:02.886239Z 0 [System] [MY-013951] [Server] Status: NOT_KILLED
2025-02-28T19:47:02.886240Z 0 [System] [MY-013951] [Server] The manual page at http://dev.mysql.com/doc/mysql/en/crashing.html contains
2025-02-28T19:47:02.886241Z 0 [System] [MY-013951] [Server] information that should help you find out what is causing the crash.
2025-02-28T19:47:03.582490Z 0 [System] [MY-015015] [Server] MySQL Server - start.
2025-02-28T19:47:03.705021Z 0 [System] [MY-010116] [Server] /usr/sbin/mysqld (mysqld 9.2.0) starting as process 1
2025-02-28T19:47:03.706348Z 0 [Warning] [MY-010159] [Server] Setting lower_case_table_names=2 because file system for /var/lib/mysql/ is case insensitive
2025-02-28T19:47:03.710208Z 0 [System] [MY-013951] [Server] A backtrace was processed and added to the main error-log in the appropriate format.
2025-02-28T19:47:03.712465Z 1 [System] [MY-013576] [InnoDB] InnoDB initialization has started.
2025-02-28T19:47:03.989693Z 1 [System] [MY-013577] [InnoDB] InnoDB initialization has ended.
2025-02-28T19:47:04.032931Z 1 [ERROR] [MY-012218] [InnoDB] Cannot read first page of './dapperbeer/beer.ibd' I/O error
2025-02-28T19:47:04.033039Z 1 [ERROR] [MY-012224] [InnoDB] Cannot read first page in datafile: ./dapperbeer/beer.ibd, Space ID:4294967295, Flags: 16417. Please refer to http://dev.mysql.com/doc/refman/9.2/en/innodb-troubleshooting-datadict.html for how to resolve the issue.
2025-02-28T19:47:04.033092Z 1 [ERROR] [MY-012592] [InnoDB] Operating system error number 22 in a file operation.
2025-02-28T19:47:04.033168Z 1 [ERROR] [MY-012596] [InnoDB] Error number 22 means 'Invalid argument'
2025-02-28T19:47:04.033235Z 1 [ERROR] [MY-012131] [InnoDB] Could not find a valid tablespace file for `dapperbeer/beer`. Please refer to http://dev.mysql.com/doc/refman/9.2/en/innodb-troubleshooting-datadict.html for how to resolve the issue.
2025-02-28T19:47:04.048307Z 0 [System] [MY-010229] [Server] Starting XA crash recovery...
2025-02-28T19:47:04.050210Z 0 [System] [MY-010232] [Server] XA crash recovery finished.
2025-02-28T19:47:04.119685Z 0 [Warning] [MY-010068] [Server] CA certificate ca.pem is self signed.
2025-02-28T19:47:04.119904Z 0 [System] [MY-013602] [Server] Channel mysql_main configured to support TLS. Encrypted connections are now supported for this channel.
2025-02-28T19:47:04.122170Z 0 [Warning] [MY-011810] [Server] Insecure configuration for --pid-file: Location '/var/run/mysqld' in the path is accessible to all OS users. Consider choosing a different directory.
2025-02-28T19:47:04.133819Z 0 [System] [MY-011323] [Server] X Plugin ready for connections. Bind-address: '::' port: 33060, socket: /var/run/mysqld/mysqlx.sock
2025-02-28T19:47:04.133867Z 0 [System] [MY-010931] [Server] /usr/sbin/mysqld: ready for connections. Version: '9.2.0'  socket: '/var/run/mysqld/mysqld.sock'  port: 3306  MySQL Community Server - GPL.
2025-02-28T19:48:34.369884Z 0 [System] [MY-013172] [Server] Received SHUTDOWN from user <via user signal>. Shutting down mysqld (Version: 9.2.0).
2025-02-28T19:48:35.857039Z 0 [System] [MY-010910] [Server] /usr/sbin/mysqld: Shutdown complete (mysqld 9.2.0)  MySQL Community Server - GPL.
2025-02-28T19:48:35.857141Z 0 [System] [MY-015016] [Server] MySQL Server - end.
2025-02-28T19:48:57.623174Z 0 [System] [MY-015017] [Server] MySQL Server Initialization - start.
2025-02-28T19:48:57.623975Z 0 [System] [MY-013169] [Server] /usr/sbin/mysqld (mysqld 9.2.0) initializing of server in progress as process 80
2025-02-28T19:48:57.625906Z 0 [Warning] [MY-010159] [Server] Setting lower_case_table_names=2 because file system for /var/lib/mysql/ is case insensitive
2025-02-28T19:48:57.630232Z 1 [System] [MY-013576] [InnoDB] InnoDB initialization has started.
2025-02-28T19:48:57.940019Z 1 [System] [MY-013577] [InnoDB] InnoDB initialization has ended.
2025-02-28T19:48:58.934200Z 6 [Warning] [MY-010453] [Server] root@localhost is created with an empty password ! Please consider switching off the --initialize-insecure option.
2025-02-28T19:49:04.850710Z 0 [System] [MY-015018] [Server] MySQL Server Initialization - end.
2025-02-28T19:49:04.901603Z 0 [System] [MY-015015] [Server] MySQL Server - start.
2025-02-28T19:49:05.025789Z 0 [System] [MY-010116] [Server] /usr/sbin/mysqld (mysqld 9.2.0) starting as process 123
2025-02-28T19:49:05.027830Z 0 [Warning] [MY-010159] [Server] Setting lower_case_table_names=2 because file system for /var/lib/mysql/ is case insensitive
2025-02-28T19:49:05.040414Z 1 [System] [MY-013576] [InnoDB] InnoDB initialization has started.
2025-02-28T19:49:05.232539Z 1 [System] [MY-013577] [InnoDB] InnoDB initialization has ended.
2025-02-28T19:49:05.407152Z 0 [Warning] [MY-010068] [Server] CA certificate ca.pem is self signed.
2025-02-28T19:49:05.407473Z 0 [System] [MY-013602] [Server] Channel mysql_main configured to support TLS. Encrypted connections are now supported for this channel.
2025-02-28T19:49:05.411822Z 0 [Warning] [MY-011810] [Server] Insecure configuration for --pid-file: Location '/var/run/mysqld' in the path is accessible to all OS users. Consider choosing a different directory.
2025-02-28T19:49:05.427484Z 0 [System] [MY-011323] [Server] X Plugin ready for connections. Socket: /var/run/mysqld/mysqlx.sock
2025-02-28T19:49:05.427607Z 0 [System] [MY-010931] [Server] /usr/sbin/mysqld: ready for connections. Version: '9.2.0'  socket: '/var/run/mysqld/mysqld.sock'  port: 0  MySQL Community Server - GPL.
2025-02-28T19:49:08.429947Z 14 [System] [MY-013172] [Server] Received SHUTDOWN from user root. Shutting down mysqld (Version: 9.2.0).
2025-02-28T19:49:09.904767Z 0 [System] [MY-010910] [Server] /usr/sbin/mysqld: Shutdown complete (mysqld 9.2.0)  MySQL Community Server - GPL.
2025-02-28T19:49:09.904858Z 0 [System] [MY-015016] [Server] MySQL Server - end.
2025-02-28T19:49:10.443519Z 0 [System] [MY-015015] [Server] MySQL Server - start.
2025-02-28T19:49:10.565350Z 0 [System] [MY-010116] [Server] /usr/sbin/mysqld (mysqld 9.2.0) starting as process 1
2025-02-28T19:49:10.566951Z 0 [Warning] [MY-010159] [Server] Setting lower_case_table_names=2 because file system for /var/lib/mysql/ is case insensitive
2025-02-28T19:49:10.571173Z 1 [System] [MY-013576] [InnoDB] InnoDB initialization has started.
2025-02-28T19:49:10.692379Z 1 [System] [MY-013577] [InnoDB] InnoDB initialization has ended.
2025-02-28T19:49:10.829001Z 0 [Warning] [MY-010068] [Server] CA certificate ca.pem is self signed.
2025-02-28T19:49:10.829136Z 0 [System] [MY-013602] [Server] Channel mysql_main configured to support TLS. Encrypted connections are now supported for this channel.
2025-02-28T19:49:10.831055Z 0 [Warning] [MY-011810] [Server] Insecure configuration for --pid-file: Location '/var/run/mysqld' in the path is accessible to all OS users. Consider choosing a different directory.
2025-02-28T19:49:10.843582Z 0 [System] [MY-011323] [Server] X Plugin ready for connections. Bind-address: '::' port: 33060, socket: /var/run/mysqld/mysqlx.sock
2025-02-28T19:49:10.843626Z 0 [System] [MY-010931] [Server] /usr/sbin/mysqld: ready for connections. Version: '9.2.0'  socket: '/var/run/mysqld/mysqld.sock'  port: 3306  MySQL Community Server - GPL.
2025-02-28T19:50:19.413591Z 9 [ERROR] [MY-013183] [InnoDB] Assertion failure: os0file.cc:2891:dir_fd != -1 thread 281473266278144
InnoDB: We intentionally generate a memory trap.
InnoDB: Submit a detailed bug report to http://bugs.mysql.com.
InnoDB: If you get repeated assertion failures or crashes, even
InnoDB: immediately after the mysqld startup, there may be
InnoDB: corruption in the InnoDB tablespace. Please refer to
InnoDB: http://dev.mysql.com/doc/refman/9.2/en/forcing-innodb-recovery.html
InnoDB: about forcing recovery.
2025-02-28T19:50:19Z UTC - mysqld got signal 6 ;
Most likely, you have hit a bug, but this error can also be caused by malfunctioning hardware.
BuildID[sha1]=95436b913a7fe5e1980013e4c59b54af2b2eb946
Thread pointer: 0xffff28000fe0
Attempting backtrace. You can use the following information to find out
where mysqld died. If you see no messages after this, something went
terribly wrong...
stack_bottom = ffff9a0cd528 thread_stack 0x100000
 #0 0xb3e047 <unknown>
 #1 0x146f393 <unknown>
 #2 0x1609dff <unknown>
 #3 0x157a227 <unknown>
 #4 0x1584673 <unknown>
 #5 0x1553fc7 <unknown>
 #6 0x17453cf <unknown>
 #7 0x16d6edf <unknown>
 #8 0x16d720f <unknown>
 #9 0x15ac137 <unknown>
 #10 0x14ba4db <unknown>
 #11 0x14df47b <unknown>
 #12 0x14e3c67 <unknown>
 #13 0x14e4e87 <unknown>
 #14 0xc4144b <unknown>
 #15 0xa8b70b <unknown>
 #16 0xa8c26b <unknown>
 #17 0xa906ef <unknown>
 #18 0xe47e6f <unknown>
 #19 0xa1b62b <unknown>
 #20 0xa1e883 <unknown>
 #21 0xa20683 <unknown>
 #22 0xa20e0b <unknown>
 #23 0xb2d14f <unknown>
 #24 0x1a4882b <unknown>
 #25 0xffffa28d26d7 <unknown>
 #26 0xffffa293cc5b <unknown>
 #27 0xffffffffffffffff <unknown>

Trying to get some variables.
Some pointers may be invalid and cause the dump to abort.
Query (ffff2800b7ce): create table `Beer` (     BeerId  int    not null primary key,     Name      text   null,     Type      text   null,     Style     text   null,     Alcohol   double null,     BrewerId int    null,     constraint Beer_Brewer_BrewerId_fk         foreign key (BrewerId) references Brewer (BrewerId) )
Connection ID (thread ID): 9
Status: NOT_KILLED

The manual page at http://dev.mysql.com/doc/mysql/en/crashing.html contains
information that should help you find out what is causing the crash.
2025-02-28T19:50:20.776233Z 0 [System] [MY-015015] [Server] MySQL Server - start.
2025-02-28T19:50:20.895191Z 0 [System] [MY-010116] [Server] /usr/sbin/mysqld (mysqld 9.2.0) starting as process 1
2025-02-28T19:50:20.896400Z 0 [Warning] [MY-010159] [Server] Setting lower_case_table_names=2 because file system for /var/lib/mysql/ is case insensitive
2025-02-28T19:50:20.900512Z 1 [System] [MY-013576] [InnoDB] InnoDB initialization has started.
2025-02-28T19:50:21.243775Z 1 [System] [MY-013577] [InnoDB] InnoDB initialization has ended.
2025-02-28T19:50:21.300421Z 0 [System] [MY-010229] [Server] Starting XA crash recovery...
2025-02-28T19:50:21.310434Z 0 [System] [MY-010232] [Server] XA crash recovery finished.
2025-02-28T19:50:21.379623Z 0 [Warning] [MY-010068] [Server] CA certificate ca.pem is self signed.
2025-02-28T19:50:21.379728Z 0 [System] [MY-013602] [Server] Channel mysql_main configured to support TLS. Encrypted connections are now supported for this channel.
2025-02-28T19:50:21.382490Z 0 [Warning] [MY-011810] [Server] Insecure configuration for --pid-file: Location '/var/run/mysqld' in the path is accessible to all OS users. Consider choosing a different directory.
2025-02-28T19:50:21.396981Z 0 [System] [MY-011323] [Server] X Plugin ready for connections. Bind-address: '::' port: 33060, socket: /var/run/mysqld/mysqlx.sock
2025-02-28T19:50:21.397046Z 0 [System] [MY-010931] [Server] /usr/sbin/mysqld: ready for connections. Version: '9.2.0'  socket: '/var/run/mysqld/mysqld.sock'  port: 3306  MySQL Community Server - GPL.
2025-02-28T20:02:48.486350Z 0 [System] [MY-013172] [Server] Received SHUTDOWN from user <via user signal>. Shutting down mysqld (Version: 9.2.0).
2025-02-28T20:02:50.171773Z 0 [System] [MY-010910] [Server] /usr/sbin/mysqld: Shutdown complete (mysqld 9.2.0)  MySQL Community Server - GPL.
2025-02-28T20:02:50.172124Z 0 [System] [MY-015016] [Server] MySQL Server - end.
2025-02-28T20:02:51.227346Z 0 [System] [MY-015015] [Server] MySQL Server - start.
2025-02-28T20:02:51.349221Z 0 [System] [MY-010116] [Server] /usr/sbin/mysqld (mysqld 9.2.0) starting as process 1
2025-02-28T20:02:51.350863Z 0 [Warning] [MY-010159] [Server] Setting lower_case_table_names=2 because file system for /var/lib/mysql/ is case insensitive
2025-02-28T20:02:51.358519Z 1 [System] [MY-013576] [InnoDB] InnoDB initialization has started.
2025-02-28T20:02:51.700397Z 1 [System] [MY-013577] [InnoDB] InnoDB initialization has ended.
2025-02-28T20:02:51.992981Z 0 [Warning] [MY-010068] [Server] CA certificate ca.pem is self signed.
2025-02-28T20:02:51.993477Z 0 [System] [MY-013602] [Server] Channel mysql_main configured to support TLS. Encrypted connections are now supported for this channel.
2025-02-28T20:02:52.020614Z 0 [Warning] [MY-011810] [Server] Insecure configuration for --pid-file: Location '/var/run/mysqld' in the path is accessible to all OS users. Consider choosing a different directory.
2025-02-28T20:02:52.073569Z 0 [System] [MY-011323] [Server] X Plugin ready for connections. Bind-address: '::' port: 33060, socket: /var/run/mysqld/mysqlx.sock
2025-02-28T20:02:52.073704Z 0 [System] [MY-010931] [Server] /usr/sbin/mysqld: ready for connections. Version: '9.2.0'  socket: '/var/run/mysqld/mysqld.sock'  port: 3306  MySQL Community Server - GPL.
2025-02-28T20:03:36.005082Z 0 [System] [MY-013172] [Server] Received SHUTDOWN from user <via user signal>. Shutting down mysqld (Version: 9.2.0).
2025-02-28T20:03:37.471050Z 0 [System] [MY-010910] [Server] /usr/sbin/mysqld: Shutdown complete (mysqld 9.2.0)  MySQL Community Server - GPL.
2025-02-28T20:03:37.471138Z 0 [System] [MY-015016] [Server] MySQL Server - end.
2025-02-28T20:03:38.414523Z 0 [System] [MY-015015] [Server] MySQL Server - start.
2025-02-28T20:03:38.540689Z 0 [System] [MY-010116] [Server] /usr/sbin/mysqld (mysqld 9.2.0) starting as process 1
2025-02-28T20:03:38.543147Z 0 [Warning] [MY-010159] [Server] Setting lower_case_table_names=2 because file system for /var/lib/mysql/ is case insensitive
2025-02-28T20:03:38.551478Z 1 [System] [MY-013576] [InnoDB] InnoDB initialization has started.
2025-02-28T20:03:38.849915Z 1 [System] [MY-013577] [InnoDB] InnoDB initialization has ended.
2025-02-28T20:03:39.054183Z 0 [Warning] [MY-010068] [Server] CA certificate ca.pem is self signed.
2025-02-28T20:03:39.054402Z 0 [System] [MY-013602] [Server] Channel mysql_main configured to support TLS. Encrypted connections are now supported for this channel.
2025-02-28T20:03:39.061445Z 0 [Warning] [MY-011810] [Server] Insecure configuration for --pid-file: Location '/var/run/mysqld' in the path is accessible to all OS users. Consider choosing a different directory.
2025-02-28T20:03:39.118859Z 0 [System] [MY-011323] [Server] X Plugin ready for connections. Bind-address: '::' port: 33060, socket: /var/run/mysqld/mysqlx.sock
2025-02-28T20:03:39.119005Z 0 [System] [MY-010931] [Server] /usr/sbin/mysqld: ready for connections. Version: '9.2.0'  socket: '/var/run/mysqld/mysqld.sock'  port: 3306  MySQL Community Server - GPL.
2025-02-28T20:06:35.140247Z 29 [ERROR] [MY-013183] [InnoDB] Assertion failure: os0file.cc:2891:dir_fd != -1 thread 281472653061888
InnoDB: We intentionally generate a memory trap.
InnoDB: Submit a detailed bug report to http://bugs.mysql.com.
InnoDB: If you get repeated assertion failures or crashes, even
InnoDB: immediately after the mysqld startup, there may be
InnoDB: corruption in the InnoDB tablespace. Please refer to
InnoDB: http://dev.mysql.com/doc/refman/9.2/en/forcing-innodb-recovery.html
InnoDB: about forcing recovery.
2025-02-28T20:06:35Z UTC - mysqld got signal 6 ;
Most likely, you have hit a bug, but this error can also be caused by malfunctioning hardware.
BuildID[sha1]=95436b913a7fe5e1980013e4c59b54af2b2eb946
Thread pointer: 0xfffed4000b60
Attempting backtrace. You can use the following information to find out
where mysqld died. If you see no messages after this, something went
terribly wrong...
stack_bottom = ffff757fe528 thread_stack 0x100000
 #0 0xb3e047 <unknown>
 #1 0x146f393 <unknown>
 #2 0x1609dff <unknown>
 #3 0x157a227 <unknown>
 #4 0x1584673 <unknown>
 #5 0x1553fc7 <unknown>
 #6 0x17453cf <unknown>
 #7 0x16d6edf <unknown>
 #8 0x16d720f <unknown>
 #9 0x15ac137 <unknown>
 #10 0x14ba4db <unknown>
 #11 0x14df47b <unknown>
 #12 0x14e3c67 <unknown>
 #13 0x14e41cf <unknown>
 #14 0x14e4c1b <unknown>
 #15 0xc4144b <unknown>
 #16 0xe7174f <unknown>
 #17 0xe71cf3 <unknown>
 #18 0xa1b62b <unknown>
 #19 0xa1e883 <unknown>
 #20 0xa20683 <unknown>
 #21 0xa20e0b <unknown>
 #22 0xb2d14f <unknown>
 #23 0x1a4882b <unknown>
 #24 0xffff7e6d26d7 <unknown>
 #25 0xffff7e73cc5b <unknown>
 #26 0xffffffffffffffff <unknown>

Trying to get some variables.
Some pointers may be invalid and cause the dump to abort.
Query (fffed437b2f4): TRUNCATE TABLE `Brewmaster`
Connection ID (thread ID): 29
Status: NOT_KILLED

The manual page at http://dev.mysql.com/doc/mysql/en/crashing.html contains
information that should help you find out what is causing the crash.
2025-02-28T20:06:35.896770Z 0 [System] [MY-015015] [Server] MySQL Server - start.
2025-02-28T20:06:36.020497Z 0 [System] [MY-010116] [Server] /usr/sbin/mysqld (mysqld 9.2.0) starting as process 1
2025-02-28T20:06:36.022571Z 0 [Warning] [MY-010159] [Server] Setting lower_case_table_names=2 because file system for /var/lib/mysql/ is case insensitive
2025-02-28T20:06:36.027247Z 1 [System] [MY-013576] [InnoDB] InnoDB initialization has started.
2025-02-28T20:06:36.456047Z 1 [System] [MY-013577] [InnoDB] InnoDB initialization has ended.
2025-02-28T20:06:36.514706Z 1 [ERROR] [MY-012218] [InnoDB] Cannot read first page of './dapperbeer/brewmaster.ibd' I/O error
2025-02-28T20:06:36.514833Z 1 [ERROR] [MY-012224] [InnoDB] Cannot read first page in datafile: ./dapperbeer/brewmaster.ibd, Space ID:4294967295, Flags: 16417. Please refer to http://dev.mysql.com/doc/refman/9.2/en/innodb-troubleshooting-datadict.html for how to resolve the issue.
2025-02-28T20:06:36.514939Z 1 [ERROR] [MY-012592] [InnoDB] Operating system error number 22 in a file operation.
2025-02-28T20:06:36.515019Z 1 [ERROR] [MY-012596] [InnoDB] Error number 22 means 'Invalid argument'
2025-02-28T20:06:36.515109Z 1 [ERROR] [MY-012131] [InnoDB] Could not find a valid tablespace file for `dapperbeer/brewmaster`. Please refer to http://dev.mysql.com/doc/refman/9.2/en/innodb-troubleshooting-datadict.html for how to resolve the issue.
2025-02-28T20:06:36.552503Z 0 [System] [MY-010229] [Server] Starting XA crash recovery...
2025-02-28T20:06:36.554592Z 0 [System] [MY-010232] [Server] XA crash recovery finished.
2025-02-28T20:06:36.637213Z 0 [Warning] [MY-010068] [Server] CA certificate ca.pem is self signed.
2025-02-28T20:06:36.637360Z 0 [System] [MY-013602] [Server] Channel mysql_main configured to support TLS. Encrypted connections are now supported for this channel.
2025-02-28T20:06:36.640040Z 0 [Warning] [MY-011810] [Server] Insecure configuration for --pid-file: Location '/var/run/mysqld' in the path is accessible to all OS users. Consider choosing a different directory.
2025-02-28T20:06:36.657780Z 0 [System] [MY-010931] [Server] /usr/sbin/mysqld: ready for connections. Version: '9.2.0'  socket: '/var/run/mysqld/mysqld.sock'  port: 3306  MySQL Community Server - GPL.
2025-02-28T20:06:36.657766Z 0 [System] [MY-011323] [Server] X Plugin ready for connections. Bind-address: '::' port: 33060, socket: /var/run/mysqld/mysqlx.sock
2025-02-28T20:26:05.523850Z 85 [ERROR] [MY-013183] [InnoDB] Assertion failure: os0file.cc:2891:dir_fd != -1 thread 281473574694656
InnoDB: We intentionally generate a memory trap.
InnoDB: Submit a detailed bug report to http://bugs.mysql.com.
InnoDB: If you get repeated assertion failures or crashes, even
InnoDB: immediately after the mysqld startup, there may be
InnoDB: corruption in the InnoDB tablespace. Please refer to
InnoDB: http://dev.mysql.com/doc/refman/9.2/en/forcing-innodb-recovery.html
InnoDB: about forcing recovery.
2025-02-28T20:26:05Z UTC - mysqld got signal 6 ;
Most likely, you have hit a bug, but this error can also be caused by malfunctioning hardware.
BuildID[sha1]=95436b913a7fe5e1980013e4c59b54af2b2eb946
Thread pointer: 0xffff0c01e0b0
Attempting backtrace. You can use the following information to find out
where mysqld died. If you see no messages after this, something went
terribly wrong...
stack_bottom = ffffac6ee528 thread_stack 0x100000
 #0 0xb3e047 <unknown>
 #1 0x146f393 <unknown>
 #2 0x1609dff <unknown>
 #3 0x157a227 <unknown>
 #4 0x1584673 <unknown>
 #5 0x1553fc7 <unknown>
 #6 0x17453cf <unknown>
 #7 0x16d6edf <unknown>
 #8 0x16d720f <unknown>
 #9 0x15ac137 <unknown>
 #10 0x14ba4db <unknown>
 #11 0x14df47b <unknown>
 #12 0x14e3c67 <unknown>
 #13 0x14e41cf <unknown>
 #14 0x14e4c1b <unknown>
 #15 0xc4144b <unknown>
 #16 0xe7174f <unknown>
 #17 0xe71cf3 <unknown>
 #18 0xa1b62b <unknown>
 #19 0xa1e883 <unknown>
 #20 0xa20683 <unknown>
 #21 0xa20e0b <unknown>
 #22 0xb2d14f <unknown>
 #23 0x1a4882b <unknown>
 #24 0xffffb14d26d7 <unknown>
 #25 0xffffb153cc5b <unknown>
 #26 0xffffffffffffffff <unknown>

Trying to get some variables.
Some pointers may be invalid and cause the dump to abort.
Query (ffff0c517066): TRUNCATE TABLE `Brewmaster`
Connection ID (thread ID): 85
Status: NOT_KILLED

The manual page at http://dev.mysql.com/doc/mysql/en/crashing.html contains
information that should help you find out what is causing the crash.
2025-02-28T20:26:06.203644Z 0 [System] [MY-015015] [Server] MySQL Server - start.
2025-02-28T20:26:06.323540Z 0 [System] [MY-010116] [Server] /usr/sbin/mysqld (mysqld 9.2.0) starting as process 1
2025-02-28T20:26:06.324874Z 0 [Warning] [MY-010159] [Server] Setting lower_case_table_names=2 because file system for /var/lib/mysql/ is case insensitive
2025-02-28T20:26:06.328944Z 1 [System] [MY-013576] [InnoDB] InnoDB initialization has started.
2025-02-28T20:26:06.635284Z 1 [System] [MY-013577] [InnoDB] InnoDB initialization has ended.
2025-02-28T20:26:06.676699Z 1 [ERROR] [MY-012218] [InnoDB] Cannot read first page of './dapperbeer/brewmaster.ibd' I/O error
2025-02-28T20:26:06.676794Z 1 [ERROR] [MY-012224] [InnoDB] Cannot read first page in datafile: ./dapperbeer/brewmaster.ibd, Space ID:4294967295, Flags: 16417. Please refer to http://dev.mysql.com/doc/refman/9.2/en/innodb-troubleshooting-datadict.html for how to resolve the issue.
2025-02-28T20:26:06.676839Z 1 [ERROR] [MY-012592] [InnoDB] Operating system error number 22 in a file operation.
2025-02-28T20:26:06.676917Z 1 [ERROR] [MY-012596] [InnoDB] Error number 22 means 'Invalid argument'
2025-02-28T20:26:06.676958Z 1 [ERROR] [MY-012131] [InnoDB] Could not find a valid tablespace file for `dapperbeer/brewmaster`. Please refer to http://dev.mysql.com/doc/refman/9.2/en/innodb-troubleshooting-datadict.html for how to resolve the issue.
2025-02-28T20:26:06.696870Z 0 [System] [MY-010229] [Server] Starting XA crash recovery...
2025-02-28T20:26:06.698306Z 0 [System] [MY-010232] [Server] XA crash recovery finished.
2025-02-28T20:26:06.767749Z 0 [Warning] [MY-010068] [Server] CA certificate ca.pem is self signed.
2025-02-28T20:26:06.767847Z 0 [System] [MY-013602] [Server] Channel mysql_main configured to support TLS. Encrypted connections are now supported for this channel.
2025-02-28T20:26:06.769563Z 0 [Warning] [MY-011810] [Server] Insecure configuration for --pid-file: Location '/var/run/mysqld' in the path is accessible to all OS users. Consider choosing a different directory.
2025-02-28T20:26:06.785145Z 0 [System] [MY-011323] [Server] X Plugin ready for connections. Bind-address: '::' port: 33060, socket: /var/run/mysqld/mysqlx.sock
2025-02-28T20:26:06.785218Z 0 [System] [MY-010931] [Server] /usr/sbin/mysqld: ready for connections. Version: '9.2.0'  socket: '/var/run/mysqld/mysqld.sock'  port: 3306  MySQL Community Server - GPL.
2025-02-28T20:27:01.679277Z 10 [ERROR] [MY-013183] [InnoDB] Assertion failure: os0file.cc:2891:dir_fd != -1 thread 281473569115904
InnoDB: We intentionally generate a memory trap.
InnoDB: Submit a detailed bug report to http://bugs.mysql.com.
InnoDB: If you get repeated assertion failures or crashes, even
InnoDB: immediately after the mysqld startup, there may be
InnoDB: corruption in the InnoDB tablespace. Please refer to
InnoDB: http://dev.mysql.com/doc/refman/9.2/en/forcing-innodb-recovery.html
InnoDB: about forcing recovery.
2025-02-28T20:27:01Z UTC - mysqld got signal 6 ;
Most likely, you have hit a bug, but this error can also be caused by malfunctioning hardware.
BuildID[sha1]=95436b913a7fe5e1980013e4c59b54af2b2eb946
Thread pointer: 0xfffeec01e090
Attempting backtrace. You can use the following information to find out
where mysqld died. If you see no messages after this, something went
terribly wrong...
stack_bottom = ffffac19c528 thread_stack 0x100000
 #0 0xb3e047 <unknown>
 #1 0x146f393 <unknown>
 #2 0x1609dff <unknown>
 #3 0x157a227 <unknown>
 #4 0x15476c7 <unknown>
 #5 0x174392f <unknown>
 #6 0x15ad037 <unknown>
 #7 0x152e47b <unknown>
 #8 0x1543e97 <unknown>
 #9 0x1544573 <unknown>
 #10 0x1544807 <unknown>
 #11 0x14ab01b <unknown>
 #12 0xe63bb7 <unknown>
 #13 0xe713ab <unknown>
 #14 0xe71cf3 <unknown>
 #15 0xa1b62b <unknown>
 #16 0xa1e883 <unknown>
 #17 0xa20683 <unknown>
 #18 0xa20e0b <unknown>
 #19 0xb2d14f <unknown>
 #20 0x1a4882b <unknown>
 #21 0xffffb00d26d7 <unknown>
 #22 0xffffb013cc5b <unknown>
 #23 0xffffffffffffffff <unknown>

Trying to get some variables.
Some pointers may be invalid and cause the dump to abort.
Query (fffeec2592da): TRUNCATE TABLE `Address`
Connection ID (thread ID): 10
Status: NOT_KILLED

The manual page at http://dev.mysql.com/doc/mysql/en/crashing.html contains
information that should help you find out what is causing the crash.
2025-02-28T20:27:02.300480Z 0 [System] [MY-015015] [Server] MySQL Server - start.
2025-02-28T20:27:02.423618Z 0 [System] [MY-010116] [Server] /usr/sbin/mysqld (mysqld 9.2.0) starting as process 1
2025-02-28T20:27:02.424887Z 0 [Warning] [MY-010159] [Server] Setting lower_case_table_names=2 because file system for /var/lib/mysql/ is case insensitive
2025-02-28T20:27:02.428676Z 1 [System] [MY-013576] [InnoDB] InnoDB initialization has started.
2025-02-28T20:27:02.694823Z 1 [System] [MY-013577] [InnoDB] InnoDB initialization has ended.
2025-02-28T20:27:02.745452Z 0 [System] [MY-010229] [Server] Starting XA crash recovery...
2025-02-28T20:27:02.750493Z 0 [System] [MY-010232] [Server] XA crash recovery finished.
2025-02-28T20:27:02.816193Z 0 [Warning] [MY-010068] [Server] CA certificate ca.pem is self signed.
2025-02-28T20:27:02.816278Z 0 [System] [MY-013602] [Server] Channel mysql_main configured to support TLS. Encrypted connections are now supported for this channel.
2025-02-28T20:27:02.817974Z 0 [Warning] [MY-011810] [Server] Insecure configuration for --pid-file: Location '/var/run/mysqld' in the path is accessible to all OS users. Consider choosing a different directory.
2025-02-28T20:27:02.828838Z 0 [System] [MY-011323] [Server] X Plugin ready for connections. Bind-address: '::' port: 33060, socket: /var/run/mysqld/mysqlx.sock
2025-02-28T20:27:02.828895Z 0 [System] [MY-010931] [Server] /usr/sbin/mysqld: ready for connections. Version: '9.2.0'  socket: '/var/run/mysqld/mysqld.sock'  port: 3306  MySQL Community Server - GPL.
2025-02-28T20:28:02.912534Z 23 [ERROR] [MY-013183] [InnoDB] Assertion failure: os0file.cc:2891:dir_fd != -1 thread 281473612308224
InnoDB: We intentionally generate a memory trap.
InnoDB: Submit a detailed bug report to http://bugs.mysql.com.
InnoDB: If you get repeated assertion failures or crashes, even
InnoDB: immediately after the mysqld startup, there may be
InnoDB: corruption in the InnoDB tablespace. Please refer to
InnoDB: http://dev.mysql.com/doc/refman/9.2/en/forcing-innodb-recovery.html
InnoDB: about forcing recovery.
2025-02-28T20:28:02Z UTC - mysqld got signal 6 ;
Most likely, you have hit a bug, but this error can also be caused by malfunctioning hardware.
BuildID[sha1]=95436b913a7fe5e1980013e4c59b54af2b2eb946
Thread pointer: 0xfffef0007490
Attempting backtrace. You can use the following information to find out
where mysqld died. If you see no messages after this, something went
terribly wrong...
stack_bottom = ffffaeacd528 thread_stack 0x100000
 #0 0xb3e047 <unknown>
 #1 0x146f393 <unknown>
 #2 0x1609dff <unknown>
 #3 0x157a227 <unknown>
 #4 0x15540fb <unknown>
 #5 0x174475f <unknown>
 #6 0x14e47e7 <unknown>
 #7 0x14e4c1b <unknown>
 #8 0xc4144b <unknown>
 #9 0xe7174f <unknown>
 #10 0xe71cf3 <unknown>
 #11 0xa1b62b <unknown>
 #12 0xa1e883 <unknown>
 #13 0xa20683 <unknown>
 #14 0xa20e0b <unknown>
 #15 0xb2d14f <unknown>
 #16 0x1a4882b <unknown>
 #17 0xffffb74d26d7 <unknown>
 #18 0xffffb753cc5b <unknown>
 #19 0xffffffffffffffff <unknown>

Trying to get some variables.
Some pointers may be invalid and cause the dump to abort.
Query (fffef031b956): TRUNCATE TABLE `Brewmaster`
Connection ID (thread ID): 23
Status: NOT_KILLED

The manual page at http://dev.mysql.com/doc/mysql/en/crashing.html contains
information that should help you find out what is causing the crash.
2025-02-28T20:28:03.579669Z 0 [System] [MY-015015] [Server] MySQL Server - start.
2025-02-28T20:28:03.703573Z 0 [System] [MY-010116] [Server] /usr/sbin/mysqld (mysqld 9.2.0) starting as process 1
2025-02-28T20:28:03.704847Z 0 [Warning] [MY-010159] [Server] Setting lower_case_table_names=2 because file system for /var/lib/mysql/ is case insensitive
2025-02-28T20:28:03.709568Z 1 [System] [MY-013576] [InnoDB] InnoDB initialization has started.
2025-02-28T20:28:03.980553Z 1 [System] [MY-013577] [InnoDB] InnoDB initialization has ended.
2025-02-28T20:28:04.044710Z 0 [System] [MY-010229] [Server] Starting XA crash recovery...
2025-02-28T20:28:04.052998Z 0 [System] [MY-010232] [Server] XA crash recovery finished.
2025-02-28T20:28:04.120031Z 0 [Warning] [MY-010068] [Server] CA certificate ca.pem is self signed.
2025-02-28T20:28:04.120154Z 0 [System] [MY-013602] [Server] Channel mysql_main configured to support TLS. Encrypted connections are now supported for this channel.
2025-02-28T20:28:04.122173Z 0 [Warning] [MY-011810] [Server] Insecure configuration for --pid-file: Location '/var/run/mysqld' in the path is accessible to all OS users. Consider choosing a different directory.
2025-02-28T20:28:04.133330Z 0 [System] [MY-011323] [Server] X Plugin ready for connections. Bind-address: '::' port: 33060, socket: /var/run/mysqld/mysqlx.sock
2025-02-28T20:28:04.133339Z 0 [System] [MY-010931] [Server] /usr/sbin/mysqld: ready for connections. Version: '9.2.0'  socket: '/var/run/mysqld/mysqld.sock'  port: 3306  MySQL Community Server - GPL.
2025-02-28T20:32:12.151940Z 41 [ERROR] [MY-013183] [InnoDB] Assertion failure: os0file.cc:2891:dir_fd != -1 thread 281473030549248
InnoDB: We intentionally generate a memory trap.
InnoDB: Submit a detailed bug report to http://bugs.mysql.com.
InnoDB: If you get repeated assertion failures or crashes, even
InnoDB: immediately after the mysqld startup, there may be
InnoDB: corruption in the InnoDB tablespace. Please refer to
InnoDB: http://dev.mysql.com/doc/refman/9.2/en/forcing-innodb-recovery.html
InnoDB: about forcing recovery.
2025-02-28T20:32:12Z UTC - mysqld got signal 6 ;
Most likely, you have hit a bug, but this error can also be caused by malfunctioning hardware.
BuildID[sha1]=95436b913a7fe5e1980013e4c59b54af2b2eb946
Thread pointer: 0xfffee027bf80
Attempting backtrace. You can use the following information to find out
where mysqld died. If you see no messages after this, something went
terribly wrong...
stack_bottom = ffff8bffe528 thread_stack 0x100000
 #0 0xb3e047 <unknown>
 #1 0x146f393 <unknown>
 #2 0x1609dff <unknown>
 #3 0x157a227 <unknown>
 #4 0x15540fb <unknown>
 #5 0x174475f <unknown>
 #6 0x14e47e7 <unknown>
 #7 0x14e4c1b <unknown>
 #8 0xc4144b <unknown>
 #9 0xe7174f <unknown>
 #10 0xe71cf3 <unknown>
 #11 0xa1b62b <unknown>
 #12 0xa1e883 <unknown>
 #13 0xa20683 <unknown>
 #14 0xa20e0b <unknown>
 #15 0xb2d14f <unknown>
 #16 0x1a4882b <unknown>
 #17 0xffff948d26d7 <unknown>
 #18 0xffff9493cc5b <unknown>
 #19 0xffffffffffffffff <unknown>

Trying to get some variables.
Some pointers may be invalid and cause the dump to abort.
Query (fffee0244d90): TRUNCATE TABLE `Review`
Connection ID (thread ID): 41
Status: NOT_KILLED

The manual page at http://dev.mysql.com/doc/mysql/en/crashing.html contains
information that should help you find out what is causing the crash.
2025-02-28T20:32:12.860441Z 0 [System] [MY-015015] [Server] MySQL Server - start.
2025-02-28T20:32:12.984973Z 0 [System] [MY-010116] [Server] /usr/sbin/mysqld (mysqld 9.2.0) starting as process 1
2025-02-28T20:32:12.986341Z 0 [Warning] [MY-010159] [Server] Setting lower_case_table_names=2 because file system for /var/lib/mysql/ is case insensitive
2025-02-28T20:32:12.990440Z 1 [System] [MY-013576] [InnoDB] InnoDB initialization has started.
2025-02-28T20:32:13.326012Z 1 [System] [MY-013577] [InnoDB] InnoDB initialization has ended.
2025-02-28T20:32:13.417359Z 0 [System] [MY-010229] [Server] Starting XA crash recovery...
2025-02-28T20:32:13.445393Z 0 [System] [MY-010232] [Server] XA crash recovery finished.
2025-02-28T20:32:13.514690Z 0 [Warning] [MY-010068] [Server] CA certificate ca.pem is self signed.
2025-02-28T20:32:13.514797Z 0 [System] [MY-013602] [Server] Channel mysql_main configured to support TLS. Encrypted connections are now supported for this channel.
2025-02-28T20:32:13.516845Z 0 [Warning] [MY-011810] [Server] Insecure configuration for --pid-file: Location '/var/run/mysqld' in the path is accessible to all OS users. Consider choosing a different directory.
2025-02-28T20:32:13.527540Z 0 [System] [MY-011323] [Server] X Plugin ready for connections. Bind-address: '::' port: 33060, socket: /var/run/mysqld/mysqlx.sock
2025-02-28T20:32:13.527593Z 0 [System] [MY-010931] [Server] /usr/sbin/mysqld: ready for connections. Version: '9.2.0'  socket: '/var/run/mysqld/mysqld.sock'  port: 3306  MySQL Community Server - GPL.
2025-02-28T20:51:35.387843Z 250 [ERROR] [MY-013183] [InnoDB] Assertion failure: os0file.cc:2891:dir_fd != -1 thread 281473570230016
InnoDB: We intentionally generate a memory trap.
InnoDB: Submit a detailed bug report to http://bugs.mysql.com.
InnoDB: If you get repeated assertion failures or crashes, even
InnoDB: immediately after the mysqld startup, there may be
InnoDB: corruption in the InnoDB tablespace. Please refer to
InnoDB: http://dev.mysql.com/doc/refman/9.2/en/forcing-innodb-recovery.html
InnoDB: about forcing recovery.
2025-02-28T20:51:35Z UTC - mysqld got signal 6 ;
Most likely, you have hit a bug, but this error can also be caused by malfunctioning hardware.
BuildID[sha1]=95436b913a7fe5e1980013e4c59b54af2b2eb946
Thread pointer: 0xffff006311c0
Attempting backtrace. You can use the following information to find out
where mysqld died. If you see no messages after this, something went
terribly wrong...
stack_bottom = ffffac2ac528 thread_stack 0x100000
 #0 0xb3e047 <unknown>
 #1 0x146f393 <unknown>
 #2 0x1609dff <unknown>
 #3 0x157a227 <unknown>
 #4 0x15476c7 <unknown>
 #5 0x174392f <unknown>
 #6 0x15ad037 <unknown>
 #7 0x152e47b <unknown>
 #8 0x1543e97 <unknown>
 #9 0x1544573 <unknown>
 #10 0x1544807 <unknown>
 #11 0x14ab01b <unknown>
 #12 0xe63bb7 <unknown>
 #13 0xe713ab <unknown>
 #14 0xe71cf3 <unknown>
 #15 0xa1b62b <unknown>
 #16 0xa1e883 <unknown>
 #17 0xa20683 <unknown>
 #18 0xa20e0b <unknown>
 #19 0xb2d14f <unknown>
 #20 0x1a4882b <unknown>
 #21 0xffffb0ad26d7 <unknown>
 #22 0xffffb0b3cc5b <unknown>
 #23 0xffffffffffffffff <unknown>

Trying to get some variables.
Some pointers may be invalid and cause the dump to abort.
Query (ffff005175ca): TRUNCATE TABLE `DapperBeer`.`Review`
Connection ID (thread ID): 250
Status: NOT_KILLED

The manual page at http://dev.mysql.com/doc/mysql/en/crashing.html contains
information that should help you find out what is causing the crash.
2025-02-28T20:51:36.069433Z 0 [System] [MY-015015] [Server] MySQL Server - start.
2025-02-28T20:51:36.191186Z 0 [System] [MY-010116] [Server] /usr/sbin/mysqld (mysqld 9.2.0) starting as process 1
2025-02-28T20:51:36.192761Z 0 [Warning] [MY-010159] [Server] Setting lower_case_table_names=2 because file system for /var/lib/mysql/ is case insensitive
2025-02-28T20:51:36.197052Z 1 [System] [MY-013576] [InnoDB] InnoDB initialization has started.
2025-02-28T20:51:36.474049Z 1 [System] [MY-013577] [InnoDB] InnoDB initialization has ended.
2025-02-28T20:51:36.527391Z 0 [System] [MY-010229] [Server] Starting XA crash recovery...
2025-02-28T20:51:36.537137Z 0 [System] [MY-010232] [Server] XA crash recovery finished.
2025-02-28T20:51:36.600448Z 0 [Warning] [MY-010068] [Server] CA certificate ca.pem is self signed.
2025-02-28T20:51:36.600574Z 0 [System] [MY-013602] [Server] Channel mysql_main configured to support TLS. Encrypted connections are now supported for this channel.
2025-02-28T20:51:36.602469Z 0 [Warning] [MY-011810] [Server] Insecure configuration for --pid-file: Location '/var/run/mysqld' in the path is accessible to all OS users. Consider choosing a different directory.
2025-02-28T20:51:36.612735Z 0 [System] [MY-011323] [Server] X Plugin ready for connections. Bind-address: '::' port: 33060, socket: /var/run/mysqld/mysqlx.sock
2025-02-28T20:51:36.612782Z 0 [System] [MY-010931] [Server] /usr/sbin/mysqld: ready for connections. Version: '9.2.0'  socket: '/var/run/mysqld/mysqld.sock'  port: 3306  MySQL Community Server - GPL.
